[roslaunch][INFO] 2019-10-12 09:42:19,215: Checking log directory for disk usage. This may take awhile.
Press Ctrl-C to interrupt
[roslaunch][INFO] 2019-10-12 09:42:19,235: Done checking log file disk usage. Usage is <1GB.
[roslaunch][INFO] 2019-10-12 09:42:19,236: roslaunch starting with args ['roscore', '--core']
[roslaunch][INFO] 2019-10-12 09:42:19,237: roslaunch env is {'ROS_DISTRO': 'melodic', 'LOGNAME': 'pi', 'USER': 'pi', 'HOME': '/home/pi', 'ROS_HOSTNAME': 'clever-6853.local', 'PATH': '/opt/ros/melodic/bin:/usr/local/sbin:/usr/local/bin:/usr/sbin:/usr/bin:/sbin:/bin', 'CMAKE_PREFIX_PATH': '/opt/ros/melodic', 'ROS_LOG_FILENAME': '/home/pi/.ros/log/33524b4e-eccc-11e9-89f0-dca63240a851/roslaunch-clever-6853-674.log', 'LANG': 'en_GB.UTF-8', 'SHELL': '/bin/bash', 'JOURNAL_STREAM': '8:15059', 'LD_LIBRARY_PATH': '/opt/ros/melodic/lib', 'ROS_ETC_DIR': '/opt/ros/melodic/etc/ros', 'ROS_PYTHON_VERSION': '2', 'INVOCATION_ID': 'c4c8baafb7ac409eb1bc15b92620d111', 'PYTHONPATH': '/opt/ros/melodic/lib/python2.7/dist-packages', 'ROS_ROOT': '/opt/ros/melodic/share/ros', 'PKG_CONFIG_PATH': '/opt/ros/melodic/lib/pkgconfig', 'ROS_PACKAGE_PATH': '/opt/ros/melodic/share', 'PWD': '/', 'ROS_MASTER_URI': 'http://localhost:11311', 'ROS_VERSION': '1'}
[roslaunch][INFO] 2019-10-12 09:42:19,237: starting in server mode
[roslaunch.parent][INFO] 2019-10-12 09:42:19,237: starting roslaunch parent run
[roslaunch][INFO] 2019-10-12 09:42:19,238: loading roscore config file /opt/ros/melodic/etc/ros/roscore.xml
[roslaunch][INFO] 2019-10-12 09:42:20,765: Added core node of type [rosout/rosout] in namespace [/]
[roslaunch.pmon][INFO] 2019-10-12 09:42:20,766: start_process_monitor: creating ProcessMonitor
[roslaunch.pmon][INFO] 2019-10-12 09:42:20,766: created process monitor <ProcessMonitor(ProcessMonitor-1, initial daemon)>
[roslaunch.pmon][INFO] 2019-10-12 09:42:20,767: start_process_monitor: ProcessMonitor started
[roslaunch.parent][INFO] 2019-10-12 09:42:20,767: starting parent XML-RPC server
[roslaunch.server][INFO] 2019-10-12 09:42:20,767: starting roslaunch XML-RPC server
[roslaunch.server][INFO] 2019-10-12 09:42:20,768: waiting for roslaunch XML-RPC server to initialize
[xmlrpc][INFO] 2019-10-12 09:42:20,768: XML-RPC server binding to 0.0.0.0:0
[xmlrpc][INFO] 2019-10-12 09:42:20,769: Started XML-RPC server [http://clever-6853.local:46339/]
[xmlrpc][INFO] 2019-10-12 09:42:20,769: xml rpc node: starting XML-RPC server
[roslaunch][INFO] 2019-10-12 09:42:20,781: started roslaunch server http://clever-6853.local:46339/
[roslaunch.parent][INFO] 2019-10-12 09:42:20,782: ... parent XML-RPC server started
[roslaunch][INFO] 2019-10-12 09:42:20,782: master.is_running[http://clever-6853.local:11311/]
[roslaunch][INFO] 2019-10-12 09:42:20,787: auto-starting new master
[roslaunch][INFO] 2019-10-12 09:42:20,787: create_master_process: rosmaster, /opt/ros/melodic/share/ros, 11311, 3, None, False
[roslaunch][INFO] 2019-10-12 09:42:20,787: process[master]: launching with args [['rosmaster', '--core', '-p', '11311', '-w', '3']]
[roslaunch.pmon][INFO] 2019-10-12 09:42:20,787: ProcessMonitor.register[master]
[roslaunch.pmon][INFO] 2019-10-12 09:42:20,788: ProcessMonitor.register[master] complete
[roslaunch][INFO] 2019-10-12 09:42:20,788: process[master]: starting os process
[roslaunch][INFO] 2019-10-12 09:42:20,788: process[master]: start w/ args [['rosmaster', '--core', '-p', '11311', '-w', '3', '__log:=/home/pi/.ros/log/33524b4e-eccc-11e9-89f0-dca63240a851/master.log']]
[roslaunch][INFO] 2019-10-12 09:42:20,788: process[master]: cwd will be [/home/pi/.ros]
[roslaunch][INFO] 2019-10-12 09:42:20,798: process[master]: started with pid [772]
[roslaunch][INFO] 2019-10-12 09:42:20,798: master.is_running[http://clever-6853.local:11311/]
[roslaunch][INFO] 2019-10-12 09:42:20,900: master.is_running[http://clever-6853.local:11311/]
[roslaunch][INFO] 2019-10-12 09:42:21,001: master.is_running[http://clever-6853.local:11311/]
[roslaunch][INFO] 2019-10-12 09:42:21,103: master.is_running[http://clever-6853.local:11311/]
[roslaunch][INFO] 2019-10-12 09:42:21,204: master.is_running[http://clever-6853.local:11311/]
[roslaunch][INFO] 2019-10-12 09:42:21,305: master.is_running[http://clever-6853.local:11311/]
[roslaunch][INFO] 2019-10-12 09:42:21,309: master.is_running[http://clever-6853.local:11311/]
[roslaunch][INFO] 2019-10-12 09:42:21,312: ROS_MASTER_URI=http://clever-6853.local:11311/
[roslaunch][INFO] 2019-10-12 09:42:21,314: setting /run_id to 33524b4e-eccc-11e9-89f0-dca63240a851
[roslaunch][INFO] 2019-10-12 09:42:21,317: setting /roslaunch/uris/host_clever_6853_local__46339' to http://clever-6853.local:46339/
[roslaunch][INFO] 2019-10-12 09:42:21,324: ... preparing to launch node of type [rosout/rosout]
[roslaunch][INFO] 2019-10-12 09:42:21,324: create_node_process: package[rosout] type[rosout] machine[Machine(name[] env_loader[None] address[localhost] ssh_port[22] user[None] assignable[True] timeout[10.0])] master_uri[http://clever-6853.local:11311/]
[roslaunch][INFO] 2019-10-12 09:42:21,325: process[rosout-1]: env[{'ROS_DISTRO': 'melodic', 'LOGNAME': 'pi', 'USER': 'pi', 'PATH': '/opt/ros/melodic/bin:/usr/local/sbin:/usr/local/bin:/usr/sbin:/usr/bin:/sbin:/bin', 'ROS_HOSTNAME': 'clever-6853.local', 'HOME': '/home/pi', 'CMAKE_PREFIX_PATH': '/opt/ros/melodic', 'LD_LIBRARY_PATH': '/opt/ros/melodic/lib', 'LANG': 'en_GB.UTF-8', 'SHELL': '/bin/bash', 'JOURNAL_STREAM': '8:15059', 'ROS_LOG_FILENAME': '/home/pi/.ros/log/33524b4e-eccc-11e9-89f0-dca63240a851/roslaunch-clever-6853-674.log', 'ROS_MASTER_URI': 'http://clever-6853.local:11311/', 'ROS_PYTHON_VERSION': '2', 'INVOCATION_ID': 'c4c8baafb7ac409eb1bc15b92620d111', 'PYTHONPATH': '/opt/ros/melodic/lib/python2.7/dist-packages', 'ROS_ROOT': '/opt/ros/melodic/share/ros', 'PKG_CONFIG_PATH': '/opt/ros/melodic/lib/pkgconfig', 'ROS_PACKAGE_PATH': '/opt/ros/melodic/share', 'PWD': '/', 'ROS_ETC_DIR': '/opt/ros/melodic/etc/ros', 'ROS_VERSION': '1'}]
[roslaunch][INFO] 2019-10-12 09:42:21,361: process[rosout-1]: args[[u'/opt/ros/melodic/lib/rosout/rosout', u'__name:=rosout']]
[roslaunch][INFO] 2019-10-12 09:42:21,362: ... created process [rosout-1]
[roslaunch.pmon][INFO] 2019-10-12 09:42:21,362: ProcessMonitor.register[rosout-1]
[roslaunch.pmon][INFO] 2019-10-12 09:42:21,362: ProcessMonitor.register[rosout-1] complete
[roslaunch][INFO] 2019-10-12 09:42:21,363: ... registered process [rosout-1]
[roslaunch][INFO] 2019-10-12 09:42:21,363: process[rosout-1]: starting os process
[roslaunch][INFO] 2019-10-12 09:42:21,363: process[rosout-1]: start w/ args [[u'/opt/ros/melodic/lib/rosout/rosout', u'__name:=rosout', u'__log:=/home/pi/.ros/log/33524b4e-eccc-11e9-89f0-dca63240a851/rosout-1.log']]
[roslaunch][INFO] 2019-10-12 09:42:21,364: process[rosout-1]: cwd will be [/home/pi/.ros]
[roslaunch][INFO] 2019-10-12 09:42:21,376: process[rosout-1]: started with pid [785]
[roslaunch][INFO] 2019-10-12 09:42:21,377: ... successfully launched [rosout-1]
[roslaunch][INFO] 2019-10-12 09:42:21,377: load_parameters starting ...
[roslaunch][INFO] 2019-10-12 09:42:21,385: ... load_parameters complete
[roslaunch][INFO] 2019-10-12 09:42:21,385: launch_nodes: launching local nodes ...
[roslaunch][INFO] 2019-10-12 09:42:21,386: ... launch_nodes complete
[roslaunch.pmon][INFO] 2019-10-12 09:42:21,386: registrations completed <ProcessMonitor(ProcessMonitor-1, started daemon -1244928928)>
[roslaunch.parent][INFO] 2019-10-12 09:42:21,386: ... roslaunch parent running, waiting for process exit
[roslaunch][INFO] 2019-10-12 09:42:21,386: spin
