[roslaunch][INFO] 2019-10-12 10:35:07,760: Checking log directory for disk usage. This may take awhile.
Press Ctrl-C to interrupt
[roslaunch][INFO] 2019-10-12 10:35:07,776: Done checking log file disk usage. Usage is <1GB.
[roslaunch][INFO] 2019-10-12 10:35:07,777: roslaunch starting with args ['roscore', '--core']
[roslaunch][INFO] 2019-10-12 10:35:07,777: roslaunch env is {'ROS_DISTRO': 'melodic', 'LOGNAME': 'pi', 'USER': 'pi', 'HOME': '/home/pi', 'ROS_HOSTNAME': 'clever-6853.local', 'PATH': '/opt/ros/melodic/bin:/usr/local/sbin:/usr/local/bin:/usr/sbin:/usr/bin:/sbin:/bin', 'CMAKE_PREFIX_PATH': '/opt/ros/melodic', 'ROS_LOG_FILENAME': '/home/pi/.ros/log/93e1a7a0-ecd3-11e9-9460-dca63240a851/roslaunch-clever-6853-478.log', 'LANG': 'en_GB.UTF-8', 'SHELL': '/bin/bash', 'JOURNAL_STREAM': '8:13034', 'LD_LIBRARY_PATH': '/opt/ros/melodic/lib', 'ROS_ETC_DIR': '/opt/ros/melodic/etc/ros', 'ROS_PYTHON_VERSION': '2', 'INVOCATION_ID': '3517c912dae74beab08f8ca1405afc76', 'PYTHONPATH': '/opt/ros/melodic/lib/python2.7/dist-packages', 'ROS_ROOT': '/opt/ros/melodic/share/ros', 'PKG_CONFIG_PATH': '/opt/ros/melodic/lib/pkgconfig', 'ROS_PACKAGE_PATH': '/opt/ros/melodic/share', 'PWD': '/', 'ROS_MASTER_URI': 'http://localhost:11311', 'ROS_VERSION': '1'}
[roslaunch][INFO] 2019-10-12 10:35:07,777: starting in server mode
[roslaunch.parent][INFO] 2019-10-12 10:35:07,778: starting roslaunch parent run
[roslaunch][INFO] 2019-10-12 10:35:07,779: loading roscore config file /opt/ros/melodic/etc/ros/roscore.xml
[roslaunch][INFO] 2019-10-12 10:35:09,244: Added core node of type [rosout/rosout] in namespace [/]
[roslaunch.pmon][INFO] 2019-10-12 10:35:09,245: start_process_monitor: creating ProcessMonitor
[roslaunch.pmon][INFO] 2019-10-12 10:35:09,245: created process monitor <ProcessMonitor(ProcessMonitor-1, initial daemon)>
[roslaunch.pmon][INFO] 2019-10-12 10:35:09,246: start_process_monitor: ProcessMonitor started
[roslaunch.parent][INFO] 2019-10-12 10:35:09,246: starting parent XML-RPC server
[roslaunch.server][INFO] 2019-10-12 10:35:09,247: starting roslaunch XML-RPC server
[roslaunch.server][INFO] 2019-10-12 10:35:09,247: waiting for roslaunch XML-RPC server to initialize
[xmlrpc][INFO] 2019-10-12 10:35:09,247: XML-RPC server binding to 0.0.0.0:0
[xmlrpc][INFO] 2019-10-12 10:35:09,248: Started XML-RPC server [http://clever-6853.local:40899/]
[xmlrpc][INFO] 2019-10-12 10:35:09,249: xml rpc node: starting XML-RPC server
[roslaunch][INFO] 2019-10-12 10:35:09,261: started roslaunch server http://clever-6853.local:40899/
[roslaunch.parent][INFO] 2019-10-12 10:35:09,261: ... parent XML-RPC server started
[roslaunch][INFO] 2019-10-12 10:35:09,262: master.is_running[http://clever-6853.local:11311/]
[roslaunch][INFO] 2019-10-12 10:35:09,266: auto-starting new master
[roslaunch][INFO] 2019-10-12 10:35:09,266: create_master_process: rosmaster, /opt/ros/melodic/share/ros, 11311, 3, None, False
[roslaunch][INFO] 2019-10-12 10:35:09,266: process[master]: launching with args [['rosmaster', '--core', '-p', '11311', '-w', '3']]
[roslaunch.pmon][INFO] 2019-10-12 10:35:09,267: ProcessMonitor.register[master]
[roslaunch.pmon][INFO] 2019-10-12 10:35:09,267: ProcessMonitor.register[master] complete
[roslaunch][INFO] 2019-10-12 10:35:09,267: process[master]: starting os process
[roslaunch][INFO] 2019-10-12 10:35:09,267: process[master]: start w/ args [['rosmaster', '--core', '-p', '11311', '-w', '3', '__log:=/home/pi/.ros/log/93e1a7a0-ecd3-11e9-9460-dca63240a851/master.log']]
[roslaunch][INFO] 2019-10-12 10:35:09,267: process[master]: cwd will be [/home/pi/.ros]
[roslaunch][INFO] 2019-10-12 10:35:09,277: process[master]: started with pid [565]
[roslaunch][INFO] 2019-10-12 10:35:09,277: master.is_running[http://clever-6853.local:11311/]
[roslaunch][INFO] 2019-10-12 10:35:09,379: master.is_running[http://clever-6853.local:11311/]
[roslaunch][INFO] 2019-10-12 10:35:09,480: master.is_running[http://clever-6853.local:11311/]
[roslaunch][INFO] 2019-10-12 10:35:09,582: master.is_running[http://clever-6853.local:11311/]
[roslaunch][INFO] 2019-10-12 10:35:09,683: master.is_running[http://clever-6853.local:11311/]
[roslaunch][INFO] 2019-10-12 10:35:09,784: master.is_running[http://clever-6853.local:11311/]
[roslaunch][INFO] 2019-10-12 10:35:09,788: master.is_running[http://clever-6853.local:11311/]
[roslaunch][INFO] 2019-10-12 10:35:09,791: ROS_MASTER_URI=http://clever-6853.local:11311/
[roslaunch][INFO] 2019-10-12 10:35:09,794: setting /run_id to 93e1a7a0-ecd3-11e9-9460-dca63240a851
[roslaunch][INFO] 2019-10-12 10:35:09,796: setting /roslaunch/uris/host_clever_6853_local__40899' to http://clever-6853.local:40899/
[roslaunch][INFO] 2019-10-12 10:35:09,801: ... preparing to launch node of type [rosout/rosout]
[roslaunch][INFO] 2019-10-12 10:35:09,801: create_node_process: package[rosout] type[rosout] machine[Machine(name[] env_loader[None] address[localhost] ssh_port[22] user[None] assignable[True] timeout[10.0])] master_uri[http://clever-6853.local:11311/]
[roslaunch][INFO] 2019-10-12 10:35:09,802: process[rosout-1]: env[{'ROS_DISTRO': 'melodic', 'LOGNAME': 'pi', 'USER': 'pi', 'PATH': '/opt/ros/melodic/bin:/usr/local/sbin:/usr/local/bin:/usr/sbin:/usr/bin:/sbin:/bin', 'ROS_HOSTNAME': 'clever-6853.local', 'HOME': '/home/pi', 'CMAKE_PREFIX_PATH': '/opt/ros/melodic', 'LD_LIBRARY_PATH': '/opt/ros/melodic/lib', 'LANG': 'en_GB.UTF-8', 'SHELL': '/bin/bash', 'JOURNAL_STREAM': '8:13034', 'ROS_LOG_FILENAME': '/home/pi/.ros/log/93e1a7a0-ecd3-11e9-9460-dca63240a851/roslaunch-clever-6853-478.log', 'ROS_MASTER_URI': 'http://clever-6853.local:11311/', 'ROS_PYTHON_VERSION': '2', 'INVOCATION_ID': '3517c912dae74beab08f8ca1405afc76', 'PYTHONPATH': '/opt/ros/melodic/lib/python2.7/dist-packages', 'ROS_ROOT': '/opt/ros/melodic/share/ros', 'PKG_CONFIG_PATH': '/opt/ros/melodic/lib/pkgconfig', 'ROS_PACKAGE_PATH': '/opt/ros/melodic/share', 'PWD': '/', 'ROS_ETC_DIR': '/opt/ros/melodic/etc/ros', 'ROS_VERSION': '1'}]
[roslaunch][INFO] 2019-10-12 10:35:09,836: process[rosout-1]: args[[u'/opt/ros/melodic/lib/rosout/rosout', u'__name:=rosout']]
[roslaunch][INFO] 2019-10-12 10:35:09,837: ... created process [rosout-1]
[roslaunch.pmon][INFO] 2019-10-12 10:35:09,837: ProcessMonitor.register[rosout-1]
[roslaunch.pmon][INFO] 2019-10-12 10:35:09,837: ProcessMonitor.register[rosout-1] complete
[roslaunch][INFO] 2019-10-12 10:35:09,838: ... registered process [rosout-1]
[roslaunch][INFO] 2019-10-12 10:35:09,838: process[rosout-1]: starting os process
[roslaunch][INFO] 2019-10-12 10:35:09,838: process[rosout-1]: start w/ args [[u'/opt/ros/melodic/lib/rosout/rosout', u'__name:=rosout', u'__log:=/home/pi/.ros/log/93e1a7a0-ecd3-11e9-9460-dca63240a851/rosout-1.log']]
[roslaunch][INFO] 2019-10-12 10:35:09,838: process[rosout-1]: cwd will be [/home/pi/.ros]
[roslaunch][INFO] 2019-10-12 10:35:09,850: process[rosout-1]: started with pid [576]
[roslaunch][INFO] 2019-10-12 10:35:09,851: ... successfully launched [rosout-1]
[roslaunch][INFO] 2019-10-12 10:35:09,851: load_parameters starting ...
[roslaunch][INFO] 2019-10-12 10:35:09,858: ... load_parameters complete
[roslaunch][INFO] 2019-10-12 10:35:09,858: launch_nodes: launching local nodes ...
[roslaunch][INFO] 2019-10-12 10:35:09,859: ... launch_nodes complete
[roslaunch.pmon][INFO] 2019-10-12 10:35:09,859: registrations completed <ProcessMonitor(ProcessMonitor-1, started daemon -1245035424)>
[roslaunch.parent][INFO] 2019-10-12 10:35:09,859: ... roslaunch parent running, waiting for process exit
[roslaunch][INFO] 2019-10-12 10:35:09,859: spin
